{"/home/circleci/project/src/utils/commentUtils.ts": {"path":"/home/circleci/project/src/utils/commentUtils.ts","statementMap":{"0":{"start":{"line":3,"column":21},"end":{"line":3,"column":null}},"1":{"start":{"line":6,"column":2},"end":{"line":12,"column":null}},"2":{"start":{"line":16,"column":2},"end":{"line":16,"column":null}},"3":{"start":{"line":20,"column":2},"end":{"line":20,"column":null}},"4":{"start":{"line":20,"column":30},"end":{"line":20,"column":53}},"5":{"start":{"line":24,"column":2},"end":{"line":24,"column":null}},"6":{"start":{"line":24,"column":38},"end":{"line":24,"column":83}}},"fnMap":{"0":{"name":"createComment","decl":{"start":{"line":5,"column":16},"end":{"line":5,"column":30}},"loc":{"start":{"line":5,"column":80},"end":{"line":13,"column":null}},"line":5},"1":{"name":"addComment","decl":{"start":{"line":15,"column":16},"end":{"line":15,"column":27}},"loc":{"start":{"line":15,"column":80},"end":{"line":17,"column":null}},"line":15},"2":{"name":"getCommentsByTicket","decl":{"start":{"line":19,"column":16},"end":{"line":19,"column":36}},"loc":{"start":{"line":19,"column":86},"end":{"line":21,"column":null}},"line":19},"3":{"name":"(anonymous_3)","decl":{"start":{"line":20,"column":25},"end":{"line":20,"column":30}},"loc":{"start":{"line":20,"column":30},"end":{"line":20,"column":53}},"line":20},"4":{"name":"sortCommentsByDate","decl":{"start":{"line":23,"column":16},"end":{"line":23,"column":35}},"loc":{"start":{"line":23,"column":67},"end":{"line":25,"column":null}},"line":23},"5":{"name":"(anonymous_5)","decl":{"start":{"line":24,"column":28},"end":{"line":24,"column":29}},"loc":{"start":{"line":24,"column":38},"end":{"line":24,"column":83}},"line":24}},"branchMap":{},"s":{"0":1,"1":7000,"2":4000,"3":4000,"4":18742,"5":3000,"6":33867},"f":{"0":7000,"1":4000,"2":4000,"3":18742,"4":3000,"5":33867},"b":{},"meta":{"lastBranch":0,"lastFunction":6,"lastStatement":7,"seen":{"s:3:21:3:Infinity":0,"f:5:16:5:30":0,"s:6:2:12:Infinity":1,"f:15:16:15:27":1,"s:16:2:16:Infinity":2,"f:19:16:19:36":2,"s:20:2:20:Infinity":3,"f:20:25:20:30":3,"s:20:30:20:53":4,"f:23:16:23:35":4,"s:24:2:24:Infinity":5,"f:24:28:24:29":5,"s:24:38:24:83":6}}}
,"/home/circleci/project/src/utils/ticketUtils.ts": {"path":"/home/circleci/project/src/utils/ticketUtils.ts","statementMap":{"0":{"start":{"line":4,"column":16},"end":{"line":4,"column":null}},"1":{"start":{"line":7,"column":14},"end":{"line":7,"column":null}},"2":{"start":{"line":8,"column":2},"end":{"line":18,"column":null}},"3":{"start":{"line":17,"column":34},"end":{"line":17,"column":55}},"4":{"start":{"line":17,"column":68},"end":{"line":17,"column":78}},"5":{"start":{"line":22,"column":2},"end":{"line":26,"column":null}},"6":{"start":{"line":33,"column":2},"end":{"line":45,"column":null}},"7":{"start":{"line":34,"column":4},"end":{"line":34,"column":null}},"8":{"start":{"line":34,"column":60},"end":{"line":34,"column":null}},"9":{"start":{"line":35,"column":4},"end":{"line":35,"column":null}},"10":{"start":{"line":35,"column":66},"end":{"line":35,"column":null}},"11":{"start":{"line":36,"column":4},"end":{"line":43,"column":null}},"12":{"start":{"line":37,"column":16},"end":{"line":37,"column":null}},"13":{"start":{"line":38,"column":22},"end":{"line":38,"column":null}},"14":{"start":{"line":39,"column":21},"end":{"line":39,"column":null}},"15":{"start":{"line":40,"column":25},"end":{"line":40,"column":null}},"16":{"start":{"line":41,"column":21},"end":{"line":41,"column":null}},"17":{"start":{"line":41,"column":43},"end":{"line":41,"column":70}},"18":{"start":{"line":42,"column":6},"end":{"line":42,"column":null}},"19":{"start":{"line":42,"column":57},"end":{"line":42,"column":null}},"20":{"start":{"line":44,"column":4},"end":{"line":44,"column":null}},"21":{"start":{"line":49,"column":50},"end":{"line":49,"column":null}},"22":{"start":{"line":50,"column":46},"end":{"line":50,"column":null}},"23":{"start":{"line":52,"column":2},"end":{"line":56,"column":null}},"24":{"start":{"line":53,"column":4},"end":{"line":53,"column":null}},"25":{"start":{"line":53,"column":27},"end":{"line":53,"column":null}},"26":{"start":{"line":54,"column":4},"end":{"line":54,"column":null}},"27":{"start":{"line":54,"column":25},"end":{"line":54,"column":null}},"28":{"start":{"line":55,"column":4},"end":{"line":55,"column":null}},"29":{"start":{"line":60,"column":43},"end":{"line":65,"column":null}},"30":{"start":{"line":66,"column":2},"end":{"line":66,"column":null}},"31":{"start":{"line":70,"column":41},"end":{"line":75,"column":null}},"32":{"start":{"line":76,"column":2},"end":{"line":76,"column":null}},"33":{"start":{"line":80,"column":2},"end":{"line":87,"column":null}},"34":{"start":{"line":82,"column":30},"end":{"line":82,"column":49}},"35":{"start":{"line":83,"column":36},"end":{"line":83,"column":62}},"36":{"start":{"line":84,"column":34},"end":{"line":84,"column":57}},"37":{"start":{"line":85,"column":32},"end":{"line":85,"column":53}},"38":{"start":{"line":86,"column":34},"end":{"line":86,"column":59}}},"fnMap":{"0":{"name":"createTicket","decl":{"start":{"line":6,"column":16},"end":{"line":6,"column":29}},"loc":{"start":{"line":6,"column":59},"end":{"line":19,"column":null}},"line":6},"1":{"name":"(anonymous_1)","decl":{"start":{"line":17,"column":27},"end":{"line":17,"column":34}},"loc":{"start":{"line":17,"column":34},"end":{"line":17,"column":55}},"line":17},"2":{"name":"(anonymous_2)","decl":{"start":{"line":17,"column":61},"end":{"line":17,"column":68}},"loc":{"start":{"line":17,"column":68},"end":{"line":17,"column":78}},"line":17},"3":{"name":"updateTicketStatus","decl":{"start":{"line":21,"column":16},"end":{"line":21,"column":35}},"loc":{"start":{"line":21,"column":75},"end":{"line":27,"column":null}},"line":21},"4":{"name":"filterTickets","decl":{"start":{"line":29,"column":16},"end":{"line":29,"column":null}},"loc":{"start":{"line":32,"column":12},"end":{"line":46,"column":null}},"line":32},"5":{"name":"(anonymous_5)","decl":{"start":{"line":33,"column":24},"end":{"line":33,"column":34}},"loc":{"start":{"line":33,"column":34},"end":{"line":45,"column":3}},"line":33},"6":{"name":"(anonymous_6)","decl":{"start":{"line":41,"column":38},"end":{"line":41,"column":43}},"loc":{"start":{"line":41,"column":43},"end":{"line":41,"column":70}},"line":41},"7":{"name":"sortTickets","decl":{"start":{"line":48,"column":16},"end":{"line":48,"column":28}},"loc":{"start":{"line":48,"column":98},"end":{"line":57,"column":null}},"line":48},"8":{"name":"(anonymous_8)","decl":{"start":{"line":52,"column":27},"end":{"line":52,"column":28}},"loc":{"start":{"line":52,"column":37},"end":{"line":56,"column":3}},"line":52},"9":{"name":"getPriorityLabel","decl":{"start":{"line":59,"column":16},"end":{"line":59,"column":33}},"loc":{"start":{"line":59,"column":61},"end":{"line":67,"column":null}},"line":59},"10":{"name":"getStatusLabel","decl":{"start":{"line":69,"column":16},"end":{"line":69,"column":31}},"loc":{"start":{"line":69,"column":55},"end":{"line":77,"column":null}},"line":69},"11":{"name":"getTicketStats","decl":{"start":{"line":79,"column":16},"end":{"line":79,"column":31}},"loc":{"start":{"line":79,"column":50},"end":{"line":88,"column":null}},"line":79},"12":{"name":"(anonymous_12)","decl":{"start":{"line":82,"column":25},"end":{"line":82,"column":30}},"loc":{"start":{"line":82,"column":30},"end":{"line":82,"column":49}},"line":82},"13":{"name":"(anonymous_13)","decl":{"start":{"line":83,"column":31},"end":{"line":83,"column":36}},"loc":{"start":{"line":83,"column":36},"end":{"line":83,"column":62}},"line":83},"14":{"name":"(anonymous_14)","decl":{"start":{"line":84,"column":29},"end":{"line":84,"column":34}},"loc":{"start":{"line":84,"column":34},"end":{"line":84,"column":57}},"line":84},"15":{"name":"(anonymous_15)","decl":{"start":{"line":85,"column":27},"end":{"line":85,"column":32}},"loc":{"start":{"line":85,"column":32},"end":{"line":85,"column":53}},"line":85},"16":{"name":"(anonymous_16)","decl":{"start":{"line":86,"column":29},"end":{"line":86,"column":34}},"loc":{"start":{"line":86,"column":34},"end":{"line":86,"column":59}},"line":86}},"branchMap":{"0":{"loc":{"start":{"line":16,"column":14},"end":{"line":16,"column":null}},"type":"binary-expr","locations":[{"start":{"line":16,"column":14},"end":{"line":16,"column":39}},{"start":{"line":16,"column":39},"end":{"line":16,"column":null}}],"line":16},"1":{"loc":{"start":{"line":34,"column":4},"end":{"line":34,"column":null}},"type":"if","locations":[{"start":{"line":34,"column":4},"end":{"line":34,"column":null}},{"start":{},"end":{}}],"line":34},"2":{"loc":{"start":{"line":34,"column":8},"end":{"line":34,"column":60}},"type":"binary-expr","locations":[{"start":{"line":34,"column":8},"end":{"line":34,"column":26}},{"start":{"line":34,"column":26},"end":{"line":34,"column":60}}],"line":34},"3":{"loc":{"start":{"line":35,"column":4},"end":{"line":35,"column":null}},"type":"if","locations":[{"start":{"line":35,"column":4},"end":{"line":35,"column":null}},{"start":{},"end":{}}],"line":35},"4":{"loc":{"start":{"line":35,"column":8},"end":{"line":35,"column":66}},"type":"binary-expr","locations":[{"start":{"line":35,"column":8},"end":{"line":35,"column":28}},{"start":{"line":35,"column":28},"end":{"line":35,"column":66}}],"line":35},"5":{"loc":{"start":{"line":36,"column":4},"end":{"line":43,"column":null}},"type":"if","locations":[{"start":{"line":36,"column":4},"end":{"line":43,"column":null}},{"start":{},"end":{}}],"line":36},"6":{"loc":{"start":{"line":40,"column":25},"end":{"line":40,"column":null}},"type":"binary-expr","locations":[{"start":{"line":40,"column":25},"end":{"line":40,"column":71}},{"start":{"line":40,"column":71},"end":{"line":40,"column":null}}],"line":40},"7":{"loc":{"start":{"line":42,"column":6},"end":{"line":42,"column":null}},"type":"if","locations":[{"start":{"line":42,"column":6},"end":{"line":42,"column":null}},{"start":{},"end":{}}],"line":42},"8":{"loc":{"start":{"line":42,"column":10},"end":{"line":42,"column":57}},"type":"binary-expr","locations":[{"start":{"line":42,"column":10},"end":{"line":42,"column":22}},{"start":{"line":42,"column":22},"end":{"line":42,"column":33}},{"start":{"line":42,"column":33},"end":{"line":42,"column":48}},{"start":{"line":42,"column":48},"end":{"line":42,"column":57}}],"line":42},"9":{"loc":{"start":{"line":53,"column":4},"end":{"line":53,"column":null}},"type":"if","locations":[{"start":{"line":53,"column":4},"end":{"line":53,"column":null}},{"start":{},"end":{}}],"line":53},"10":{"loc":{"start":{"line":54,"column":4},"end":{"line":54,"column":null}},"type":"if","locations":[{"start":{"line":54,"column":4},"end":{"line":54,"column":null}},{"start":{},"end":{}}],"line":54}},"s":{"0":2,"1":7000,"2":7000,"3":33619,"4":33579,"5":4000,"6":5010,"7":23735,"8":7159,"9":16576,"10":3569,"11":13007,"12":4560,"13":4560,"14":4560,"15":4560,"16":4560,"17":21677,"18":4560,"19":4290,"20":8717,"21":3007,"22":3007,"23":3007,"24":25146,"25":19189,"26":5957,"27":5957,"28":3230,"29":4,"30":4,"31":4,"32":4,"33":4000,"34":18806,"35":18806,"36":18806,"37":18806,"38":18806},"f":{"0":7000,"1":33619,"2":33579,"3":4000,"4":5010,"5":23735,"6":21677,"7":3007,"8":25146,"9":4,"10":4,"11":4000,"12":18806,"13":18806,"14":18806,"15":18806,"16":18806},"b":{"0":[7000,1121],"1":[7159,16576],"2":[23735,9658],"3":[3569,13007],"4":[16576,4743],"5":[4560,8447],"6":[4560,748],"7":[4290,270],"8":[4560,4505,4464,4434],"9":[19189,5957],"10":[2727,3230]},"meta":{"lastBranch":11,"lastFunction":17,"lastStatement":39,"seen":{"s:4:16:4:Infinity":0,"f:6:16:6:29":0,"s:7:14:7:Infinity":1,"s:8:2:18:Infinity":2,"b:16:14:16:39:16:39:16:Infinity":0,"f:17:27:17:34":1,"s:17:34:17:55":3,"f:17:61:17:68":2,"s:17:68:17:78":4,"f:21:16:21:35":3,"s:22:2:26:Infinity":5,"f:29:16:29:Infinity":4,"s:33:2:45:Infinity":6,"f:33:24:33:34":5,"b:34:4:34:Infinity:undefined:undefined:undefined:undefined":1,"s:34:4:34:Infinity":7,"b:34:8:34:26:34:26:34:60":2,"s:34:60:34:Infinity":8,"b:35:4:35:Infinity:undefined:undefined:undefined:undefined":3,"s:35:4:35:Infinity":9,"b:35:8:35:28:35:28:35:66":4,"s:35:66:35:Infinity":10,"b:36:4:43:Infinity:undefined:undefined:undefined:undefined":5,"s:36:4:43:Infinity":11,"s:37:16:37:Infinity":12,"s:38:22:38:Infinity":13,"s:39:21:39:Infinity":14,"s:40:25:40:Infinity":15,"b:40:25:40:71:40:71:40:Infinity":6,"s:41:21:41:Infinity":16,"f:41:38:41:43":6,"s:41:43:41:70":17,"b:42:6:42:Infinity:undefined:undefined:undefined:undefined":7,"s:42:6:42:Infinity":18,"b:42:10:42:22:42:22:42:33:42:33:42:48:42:48:42:57":8,"s:42:57:42:Infinity":19,"s:44:4:44:Infinity":20,"f:48:16:48:28":7,"s:49:50:49:Infinity":21,"s:50:46:50:Infinity":22,"s:52:2:56:Infinity":23,"f:52:27:52:28":8,"b:53:4:53:Infinity:undefined:undefined:undefined:undefined":9,"s:53:4:53:Infinity":24,"s:53:27:53:Infinity":25,"b:54:4:54:Infinity:undefined:undefined:undefined:undefined":10,"s:54:4:54:Infinity":26,"s:54:25:54:Infinity":27,"s:55:4:55:Infinity":28,"f:59:16:59:33":9,"s:60:43:65:Infinity":29,"s:66:2:66:Infinity":30,"f:69:16:69:31":10,"s:70:41:75:Infinity":31,"s:76:2:76:Infinity":32,"f:79:16:79:31":11,"s:80:2:87:Infinity":33,"f:82:25:82:30":12,"s:82:30:82:49":34,"f:83:31:83:36":13,"s:83:36:83:62":35,"f:84:29:84:34":14,"s:84:34:84:57":36,"f:85:27:85:32":15,"s:85:32:85:53":37,"f:86:29:86:34":16,"s:86:34:86:59":38}}}
}
