{"/home/circleci/project/src/App.tsx": {"path":"/home/circleci/project/src/App.tsx","statementMap":{"0":{"start":{"line":12,"column":34},"end":{"line":45,"column":null}},"1":{"start":{"line":48,"column":28},"end":{"line":48,"column":null}},"2":{"start":{"line":49,"column":30},"end":{"line":49,"column":null}},"3":{"start":{"line":50,"column":30},"end":{"line":50,"column":null}},"4":{"start":{"line":51,"column":38},"end":{"line":51,"column":null}},"5":{"start":{"line":52,"column":42},"end":{"line":52,"column":null}},"6":{"start":{"line":53,"column":26},"end":{"line":53,"column":null}},"7":{"start":{"line":54,"column":26},"end":{"line":54,"column":null}},"8":{"start":{"line":55,"column":46},"end":{"line":55,"column":null}},"9":{"start":{"line":57,"column":23},"end":{"line":61,"column":null}},"10":{"start":{"line":58,"column":10},"end":{"line":58,"column":null}},"11":{"start":{"line":59,"column":4},"end":{"line":59,"column":null}},"12":{"start":{"line":59,"column":23},"end":{"line":59,"column":40}},"13":{"start":{"line":60,"column":4},"end":{"line":60,"column":null}},"14":{"start":{"line":63,"column":29},"end":{"line":65,"column":null}},"15":{"start":{"line":64,"column":4},"end":{"line":64,"column":null}},"16":{"start":{"line":64,"column":23},"end":{"line":64,"column":85}},"17":{"start":{"line":64,"column":37},"end":{"line":64,"column":84}},"18":{"start":{"line":67,"column":23},"end":{"line":70,"column":null}},"19":{"start":{"line":68,"column":4},"end":{"line":68,"column":null}},"20":{"start":{"line":68,"column":23},"end":{"line":68,"column":52}},"21":{"start":{"line":68,"column":40},"end":{"line":68,"column":51}},"22":{"start":{"line":69,"column":4},"end":{"line":69,"column":null}},"23":{"start":{"line":69,"column":33},"end":{"line":69,"column":null}},"24":{"start":{"line":72,"column":27},"end":{"line":76,"column":null}},"25":{"start":{"line":73,"column":4},"end":{"line":73,"column":null}},"26":{"start":{"line":73,"column":27},"end":{"line":73,"column":null}},"27":{"start":{"line":74,"column":10},"end":{"line":74,"column":null}},"28":{"start":{"line":75,"column":4},"end":{"line":75,"column":null}},"29":{"start":{"line":75,"column":16},"end":{"line":75,"column":49}},"30":{"start":{"line":78,"column":8},"end":{"line":85,"column":null}},"31":{"start":{"line":79,"column":10},"end":{"line":83,"column":null}},"32":{"start":{"line":84,"column":4},"end":{"line":84,"column":null}},"33":{"start":{"line":87,"column":8},"end":{"line":87,"column":null}},"34":{"start":{"line":87,"column":24},"end":{"line":87,"column":55}},"35":{"start":{"line":89,"column":25},"end":{"line":91,"column":null}},"36":{"start":{"line":90,"column":24},"end":{"line":90,"column":49}},"37":{"start":{"line":93,"column":27},"end":{"line":95,"column":null}},"38":{"start":{"line":97,"column":2},"end":{"line":193,"column":null}},"39":{"start":{"line":116,"column":27},"end":{"line":116,"column":null}},"40":{"start":{"line":137,"column":31},"end":{"line":137,"column":null}},"41":{"start":{"line":164,"column":68},"end":{"line":164,"column":88}},"42":{"start":{"line":176,"column":18},"end":{"line":182,"column":null}}},"fnMap":{"0":{"name":"App","decl":{"start":{"line":47,"column":24},"end":{"line":47,"column":30}},"loc":{"start":{"line":47,"column":30},"end":{"line":195,"column":null}},"line":47},"1":{"name":"(anonymous_1)","decl":{"start":{"line":57,"column":23},"end":{"line":57,"column":24}},"loc":{"start":{"line":57,"column":49},"end":{"line":61,"column":null}},"line":57},"2":{"name":"(anonymous_2)","decl":{"start":{"line":59,"column":15},"end":{"line":59,"column":23}},"loc":{"start":{"line":59,"column":23},"end":{"line":59,"column":40}},"line":59},"3":{"name":"(anonymous_3)","decl":{"start":{"line":63,"column":29},"end":{"line":63,"column":30}},"loc":{"start":{"line":63,"column":61},"end":{"line":65,"column":null}},"line":63},"4":{"name":"(anonymous_4)","decl":{"start":{"line":64,"column":15},"end":{"line":64,"column":23}},"loc":{"start":{"line":64,"column":23},"end":{"line":64,"column":85}},"line":64},"5":{"name":"(anonymous_5)","decl":{"start":{"line":64,"column":32},"end":{"line":64,"column":37}},"loc":{"start":{"line":64,"column":37},"end":{"line":64,"column":84}},"line":64},"6":{"name":"(anonymous_6)","decl":{"start":{"line":67,"column":23},"end":{"line":67,"column":24}},"loc":{"start":{"line":67,"column":39},"end":{"line":70,"column":null}},"line":67},"7":{"name":"(anonymous_7)","decl":{"start":{"line":68,"column":15},"end":{"line":68,"column":23}},"loc":{"start":{"line":68,"column":23},"end":{"line":68,"column":52}},"line":68},"8":{"name":"(anonymous_8)","decl":{"start":{"line":68,"column":35},"end":{"line":68,"column":40}},"loc":{"start":{"line":68,"column":40},"end":{"line":68,"column":51}},"line":68},"9":{"name":"(anonymous_9)","decl":{"start":{"line":72,"column":27},"end":{"line":72,"column":28}},"loc":{"start":{"line":72,"column":54},"end":{"line":76,"column":null}},"line":72},"10":{"name":"(anonymous_10)","decl":{"start":{"line":75,"column":16},"end":{"line":75,"column":24}},"loc":{"start":{"line":75,"column":16},"end":{"line":75,"column":49}},"line":75},"11":{"name":"(anonymous_11)","decl":{"start":{"line":78,"column":35},"end":{"line":78,"column":41}},"loc":{"start":{"line":78,"column":41},"end":{"line":85,"column":5}},"line":78},"12":{"name":"(anonymous_12)","decl":{"start":{"line":87,"column":24},"end":{"line":87,"column":30}},"loc":{"start":{"line":87,"column":24},"end":{"line":87,"column":55}},"line":87},"13":{"name":"(anonymous_13)","decl":{"start":{"line":90,"column":19},"end":{"line":90,"column":24}},"loc":{"start":{"line":90,"column":24},"end":{"line":90,"column":49}},"line":90},"14":{"name":"(anonymous_14)","decl":{"start":{"line":116,"column":21},"end":{"line":116,"column":27}},"loc":{"start":{"line":116,"column":27},"end":{"line":116,"column":null}},"line":116},"15":{"name":"(anonymous_15)","decl":{"start":{"line":137,"column":25},"end":{"line":137,"column":31}},"loc":{"start":{"line":137,"column":31},"end":{"line":137,"column":null}},"line":137},"16":{"name":"(anonymous_16)","decl":{"start":{"line":164,"column":62},"end":{"line":164,"column":68}},"loc":{"start":{"line":164,"column":68},"end":{"line":164,"column":88}},"line":164},"17":{"name":"(anonymous_17)","decl":{"start":{"line":175,"column":37},"end":{"line":175,"column":null}},"loc":{"start":{"line":176,"column":18},"end":{"line":182,"column":null}},"line":176}},"branchMap":{"0":{"loc":{"start":{"line":64,"column":37},"end":{"line":64,"column":84}},"type":"cond-expr","locations":[{"start":{"line":64,"column":46},"end":{"line":64,"column":83}},{"start":{"line":64,"column":83},"end":{"line":64,"column":84}}],"line":64},"1":{"loc":{"start":{"line":69,"column":4},"end":{"line":69,"column":null}},"type":"if","locations":[{"start":{"line":69,"column":4},"end":{"line":69,"column":null}},{"start":{},"end":{}}],"line":69},"2":{"loc":{"start":{"line":73,"column":4},"end":{"line":73,"column":null}},"type":"if","locations":[{"start":{"line":73,"column":4},"end":{"line":73,"column":null}},{"start":{},"end":{}}],"line":73},"3":{"loc":{"start":{"line":80,"column":14},"end":{"line":80,"column":null}},"type":"binary-expr","locations":[{"start":{"line":80,"column":14},"end":{"line":80,"column":30}},{"start":{"line":80,"column":30},"end":{"line":80,"column":null}}],"line":80},"4":{"loc":{"start":{"line":81,"column":16},"end":{"line":81,"column":null}},"type":"binary-expr","locations":[{"start":{"line":81,"column":16},"end":{"line":81,"column":34}},{"start":{"line":81,"column":34},"end":{"line":81,"column":null}}],"line":81},"5":{"loc":{"start":{"line":82,"column":14},"end":{"line":82,"column":null}},"type":"binary-expr","locations":[{"start":{"line":82,"column":14},"end":{"line":82,"column":24}},{"start":{"line":82,"column":24},"end":{"line":82,"column":null}}],"line":82},"6":{"loc":{"start":{"line":89,"column":25},"end":{"line":91,"column":null}},"type":"cond-expr","locations":[{"start":{"line":90,"column":6},"end":{"line":90,"column":null}},{"start":{"line":91,"column":6},"end":{"line":91,"column":null}}],"line":89},"7":{"loc":{"start":{"line":90,"column":6},"end":{"line":90,"column":null}},"type":"binary-expr","locations":[{"start":{"line":90,"column":6},"end":{"line":90,"column":54}},{"start":{"line":90,"column":54},"end":{"line":90,"column":null}}],"line":90},"8":{"loc":{"start":{"line":93,"column":27},"end":{"line":95,"column":null}},"type":"cond-expr","locations":[{"start":{"line":93,"column":27},"end":{"line":94,"column":null}},{"start":{"line":95,"column":6},"end":{"line":95,"column":null}}],"line":93},"9":{"loc":{"start":{"line":111,"column":9},"end":{"line":190,"column":null}},"type":"cond-expr","locations":[{"start":{"line":112,"column":10},"end":{"line":117,"column":null}},{"start":{"line":119,"column":10},"end":{"line":190,"column":null}}],"line":111},"10":{"loc":{"start":{"line":154,"column":13},"end":{"line":165,"column":null}},"type":"binary-expr","locations":[{"start":{"line":154,"column":13},"end":{"line":154,"column":null}},{"start":{"line":155,"column":14},"end":{"line":165,"column":null}}],"line":154},"11":{"loc":{"start":{"line":170,"column":15},"end":{"line":183,"column":null}},"type":"cond-expr","locations":[{"start":{"line":171,"column":16},"end":{"line":173,"column":null}},{"start":{"line":175,"column":16},"end":{"line":183,"column":null}}],"line":170}},"s":{"0":2,"1":15446,"2":15446,"3":15446,"4":15446,"5":15446,"6":15446,"7":15446,"8":15446,"9":15446,"10":500,"11":500,"12":500,"13":500,"14":15446,"15":500,"16":500,"17":1500,"18":15446,"19":2020,"20":2020,"21":4560,"22":2020,"23":0,"24":15446,"25":20,"26":0,"27":20,"28":20,"29":20,"30":15446,"31":13014,"32":13014,"33":15446,"34":9620,"35":15446,"36":420,"37":15446,"38":15446,"39":60,"40":1500,"41":500,"42":36294},"f":{"0":15446,"1":500,"2":500,"3":500,"4":500,"5":1500,"6":2020,"7":2020,"8":4560,"9":20,"10":20,"11":13014,"12":9620,"13":420,"14":60,"15":1500,"16":500,"17":36294},"b":{"0":[500,1000],"1":[0,2020],"2":[0,20],"3":[13014,11784],"4":[13014,11792],"5":[13014,12558],"6":[140,15306],"7":[140,0],"8":[140,15306],"9":[140,15306],"10":[15306,1500],"11":[1942,13364]},"meta":{"lastBranch":12,"lastFunction":18,"lastStatement":43,"seen":{"s:12:34:45:Infinity":0,"f:47:24:47:30":0,"s:48:28:48:Infinity":1,"s:49:30:49:Infinity":2,"s:50:30:50:Infinity":3,"s:51:38:51:Infinity":4,"s:52:42:52:Infinity":5,"s:53:26:53:Infinity":6,"s:54:26:54:Infinity":7,"s:55:46:55:Infinity":8,"s:57:23:61:Infinity":9,"f:57:23:57:24":1,"s:58:10:58:Infinity":10,"s:59:4:59:Infinity":11,"f:59:15:59:23":2,"s:59:23:59:40":12,"s:60:4:60:Infinity":13,"s:63:29:65:Infinity":14,"f:63:29:63:30":3,"s:64:4:64:Infinity":15,"f:64:15:64:23":4,"s:64:23:64:85":16,"f:64:32:64:37":5,"s:64:37:64:84":17,"b:64:46:64:83:64:83:64:84":0,"s:67:23:70:Infinity":18,"f:67:23:67:24":6,"s:68:4:68:Infinity":19,"f:68:15:68:23":7,"s:68:23:68:52":20,"f:68:35:68:40":8,"s:68:40:68:51":21,"b:69:4:69:Infinity:undefined:undefined:undefined:undefined":1,"s:69:4:69:Infinity":22,"s:69:33:69:Infinity":23,"s:72:27:76:Infinity":24,"f:72:27:72:28":9,"b:73:4:73:Infinity:undefined:undefined:undefined:undefined":2,"s:73:4:73:Infinity":25,"s:73:27:73:Infinity":26,"s:74:10:74:Infinity":27,"s:75:4:75:Infinity":28,"f:75:16:75:24":10,"s:75:16:75:49":29,"s:78:8:85:Infinity":30,"f:78:35:78:41":11,"s:79:10:83:Infinity":31,"b:80:14:80:30:80:30:80:Infinity":3,"b:81:16:81:34:81:34:81:Infinity":4,"b:82:14:82:24:82:24:82:Infinity":5,"s:84:4:84:Infinity":32,"s:87:8:87:Infinity":33,"f:87:24:87:30":12,"s:87:24:87:55":34,"s:89:25:91:Infinity":35,"b:90:6:90:Infinity:91:6:91:Infinity":6,"b:90:6:90:54:90:54:90:Infinity":7,"f:90:19:90:24":13,"s:90:24:90:49":36,"s:93:27:95:Infinity":37,"b:93:27:94:Infinity:95:6:95:Infinity":8,"s:97:2:193:Infinity":38,"b:112:10:117:Infinity:119:10:190:Infinity":9,"f:116:21:116:27":14,"s:116:27:116:Infinity":39,"f:137:25:137:31":15,"s:137:31:137:Infinity":40,"b:154:13:154:Infinity:155:14:165:Infinity":10,"f:164:62:164:68":16,"s:164:68:164:88":41,"b:171:16:173:Infinity:175:16:183:Infinity":11,"f:175:37:175:Infinity":17,"s:176:18:182:Infinity":42}}}
,"/home/circleci/project/src/components/FilterPanel.tsx": {"path":"/home/circleci/project/src/components/FilterPanel.tsx","statementMap":{"0":{"start":{"line":14,"column":41},"end":{"line":20,"column":null}},"1":{"start":{"line":32,"column":2},"end":{"line":79,"column":null}},"2":{"start":{"line":42,"column":23},"end":{"line":42,"column":null}},"3":{"start":{"line":48,"column":23},"end":{"line":48,"column":null}},"4":{"start":{"line":60,"column":23},"end":{"line":60,"column":null}},"5":{"start":{"line":72,"column":23},"end":{"line":72,"column":null}}},"fnMap":{"0":{"name":"FilterPanel","decl":{"start":{"line":22,"column":16},"end":{"line":22,"column":28}},"loc":{"start":{"line":31,"column":21},"end":{"line":81,"column":null}},"line":31},"1":{"name":"(anonymous_1)","decl":{"start":{"line":42,"column":18},"end":{"line":42,"column":23}},"loc":{"start":{"line":42,"column":23},"end":{"line":42,"column":null}},"line":42},"2":{"name":"(anonymous_2)","decl":{"start":{"line":48,"column":18},"end":{"line":48,"column":23}},"loc":{"start":{"line":48,"column":23},"end":{"line":48,"column":null}},"line":48},"3":{"name":"(anonymous_3)","decl":{"start":{"line":60,"column":18},"end":{"line":60,"column":23}},"loc":{"start":{"line":60,"column":23},"end":{"line":60,"column":null}},"line":60},"4":{"name":"(anonymous_4)","decl":{"start":{"line":72,"column":18},"end":{"line":72,"column":23}},"loc":{"start":{"line":72,"column":23},"end":{"line":72,"column":null}},"line":72}},"branchMap":{},"s":{"0":3,"1":18574,"2":956,"3":2000,"4":1500,"5":500},"f":{"0":18574,"1":956,"2":2000,"3":1500,"4":500},"b":{},"meta":{"lastBranch":0,"lastFunction":5,"lastStatement":6,"seen":{"s:14:41:20:Infinity":0,"f:22:16:22:28":0,"s:32:2:79:Infinity":1,"f:42:18:42:23":1,"s:42:23:42:Infinity":2,"f:48:18:48:23":2,"s:48:23:48:Infinity":3,"f:60:18:60:23":3,"s:60:23:60:Infinity":4,"f:72:18:72:23":4,"s:72:23:72:Infinity":5}}}
,"/home/circleci/project/src/components/TicketCard.tsx": {"path":"/home/circleci/project/src/components/TicketCard.tsx","statementMap":{"0":{"start":{"line":11,"column":47},"end":{"line":16,"column":null}},"1":{"start":{"line":18,"column":45},"end":{"line":23,"column":null}},"2":{"start":{"line":26,"column":45},"end":{"line":31,"column":null}},"3":{"start":{"line":33,"column":2},"end":{"line":153,"column":null}},"4":{"start":{"line":79,"column":23},"end":{"line":79,"column":null}},"5":{"start":{"line":105,"column":12},"end":{"line":117,"column":null}},"6":{"start":{"line":125,"column":25},"end":{"line":125,"column":null}},"7":{"start":{"line":139,"column":25},"end":{"line":139,"column":null}}},"fnMap":{"0":{"name":"TicketCard","decl":{"start":{"line":25,"column":16},"end":{"line":25,"column":27}},"loc":{"start":{"line":25,"column":92},"end":{"line":155,"column":null}},"line":25},"1":{"name":"(anonymous_1)","decl":{"start":{"line":79,"column":17},"end":{"line":79,"column":23}},"loc":{"start":{"line":79,"column":23},"end":{"line":79,"column":null}},"line":79},"2":{"name":"(anonymous_2)","decl":{"start":{"line":104,"column":27},"end":{"line":104,"column":null}},"loc":{"start":{"line":105,"column":12},"end":{"line":117,"column":null}},"line":105},"3":{"name":"(anonymous_3)","decl":{"start":{"line":125,"column":19},"end":{"line":125,"column":25}},"loc":{"start":{"line":125,"column":25},"end":{"line":125,"column":null}},"line":125},"4":{"name":"(anonymous_4)","decl":{"start":{"line":139,"column":19},"end":{"line":139,"column":25}},"loc":{"start":{"line":139,"column":25},"end":{"line":139,"column":null}},"line":139}},"branchMap":{"0":{"loc":{"start":{"line":82,"column":18},"end":{"line":82,"column":null}},"type":"cond-expr","locations":[{"start":{"line":82,"column":29},"end":{"line":82,"column":41}},{"start":{"line":82,"column":41},"end":{"line":82,"column":null}}],"line":82},"1":{"loc":{"start":{"line":83,"column":26},"end":{"line":83,"column":null}},"type":"cond-expr","locations":[{"start":{"line":83,"column":37},"end":{"line":83,"column":51}},{"start":{"line":83,"column":51},"end":{"line":83,"column":null}}],"line":83},"2":{"loc":{"start":{"line":96,"column":7},"end":{"line":99,"column":null}},"type":"binary-expr","locations":[{"start":{"line":96,"column":7},"end":{"line":96,"column":null}},{"start":{"line":97,"column":8},"end":{"line":99,"column":null}}],"line":96},"3":{"loc":{"start":{"line":102,"column":7},"end":{"line":119,"column":null}},"type":"binary-expr","locations":[{"start":{"line":102,"column":7},"end":{"line":102,"column":null}},{"start":{"line":103,"column":8},"end":{"line":119,"column":null}}],"line":102}},"s":{"0":4,"1":4,"2":40332,"3":40332,"4":320,"5":93828,"6":500,"7":2020},"f":{"0":40332,"1":320,"2":93828,"3":500,"4":2020},"b":{"0":[36132,4200],"1":[36132,4200],"2":[40332,28187],"3":[40332,39022]},"meta":{"lastBranch":4,"lastFunction":5,"lastStatement":8,"seen":{"s:11:47:16:Infinity":0,"s:18:45:23:Infinity":1,"f:25:16:25:27":0,"s:26:45:31:Infinity":2,"s:33:2:153:Infinity":3,"f:79:17:79:23":1,"s:79:23:79:Infinity":4,"b:82:29:82:41:82:41:82:Infinity":0,"b:83:37:83:51:83:51:83:Infinity":1,"b:96:7:96:Infinity:97:8:99:Infinity":2,"b:102:7:102:Infinity:103:8:119:Infinity":3,"f:104:27:104:Infinity":2,"s:105:12:117:Infinity":5,"f:125:19:125:25":3,"s:125:25:125:Infinity":6,"f:139:19:139:25":4,"s:139:25:139:Infinity":7}}}
,"/home/circleci/project/src/components/TicketDetail.tsx": {"path":"/home/circleci/project/src/components/TicketDetail.tsx","statementMap":{"0":{"start":{"line":13,"column":49},"end":{"line":18,"column":null}},"1":{"start":{"line":20,"column":45},"end":{"line":25,"column":null}},"2":{"start":{"line":34,"column":26},"end":{"line":34,"column":null}},"3":{"start":{"line":35,"column":22},"end":{"line":35,"column":null}},"4":{"start":{"line":37,"column":23},"end":{"line":42,"column":null}},"5":{"start":{"line":38,"column":4},"end":{"line":38,"column":null}},"6":{"start":{"line":38,"column":40},"end":{"line":38,"column":null}},"7":{"start":{"line":39,"column":4},"end":{"line":39,"column":null}},"8":{"start":{"line":40,"column":4},"end":{"line":40,"column":null}},"9":{"start":{"line":41,"column":4},"end":{"line":41,"column":null}},"10":{"start":{"line":44,"column":42},"end":{"line":51,"column":null}},"11":{"start":{"line":53,"column":2},"end":{"line":88,"column":null}},"12":{"start":{"line":60,"column":23},"end":{"line":60,"column":null}},"13":{"start":{"line":67,"column":23},"end":{"line":67,"column":null}},"14":{"start":{"line":99,"column":8},"end":{"line":99,"column":null}},"15":{"start":{"line":100,"column":2},"end":{"line":126,"column":null}},"16":{"start":{"line":103,"column":8},"end":{"line":124,"column":null}},"17":{"start":{"line":133,"column":2},"end":{"line":243,"column":null}},"18":{"start":{"line":215,"column":12},"end":{"line":226,"column":null}}},"fnMap":{"0":{"name":"CommentForm","decl":{"start":{"line":33,"column":9},"end":{"line":33,"column":21}},"loc":{"start":{"line":33,"column":53},"end":{"line":90,"column":null}},"line":33},"1":{"name":"(anonymous_1)","decl":{"start":{"line":37,"column":23},"end":{"line":37,"column":29}},"loc":{"start":{"line":37,"column":29},"end":{"line":42,"column":null}},"line":37},"2":{"name":"(anonymous_2)","decl":{"start":{"line":60,"column":18},"end":{"line":60,"column":23}},"loc":{"start":{"line":60,"column":23},"end":{"line":60,"column":null}},"line":60},"3":{"name":"(anonymous_3)","decl":{"start":{"line":67,"column":18},"end":{"line":67,"column":23}},"loc":{"start":{"line":67,"column":23},"end":{"line":67,"column":null}},"line":67},"4":{"name":"CommentList","decl":{"start":{"line":98,"column":9},"end":{"line":98,"column":21}},"loc":{"start":{"line":98,"column":53},"end":{"line":128,"column":null}},"line":98},"5":{"name":"(anonymous_5)","decl":{"start":{"line":102,"column":18},"end":{"line":102,"column":null}},"loc":{"start":{"line":103,"column":8},"end":{"line":124,"column":null}},"line":103},"6":{"name":"TicketDetail","decl":{"start":{"line":132,"column":16},"end":{"line":132,"column":29}},"loc":{"start":{"line":132,"column":93},"end":{"line":245,"column":null}},"line":132},"7":{"name":"(anonymous_7)","decl":{"start":{"line":214,"column":27},"end":{"line":214,"column":null}},"loc":{"start":{"line":215,"column":12},"end":{"line":226,"column":null}},"line":215}},"branchMap":{"0":{"loc":{"start":{"line":38,"column":4},"end":{"line":38,"column":null}},"type":"if","locations":[{"start":{"line":38,"column":4},"end":{"line":38,"column":null}},{"start":{},"end":{}}],"line":38},"1":{"loc":{"start":{"line":38,"column":8},"end":{"line":38,"column":40}},"type":"binary-expr","locations":[{"start":{"line":38,"column":8},"end":{"line":38,"column":26}},{"start":{"line":38,"column":26},"end":{"line":38,"column":40}}],"line":38},"2":{"loc":{"start":{"line":205,"column":7},"end":{"line":208,"column":null}},"type":"binary-expr","locations":[{"start":{"line":205,"column":7},"end":{"line":205,"column":null}},{"start":{"line":206,"column":8},"end":{"line":208,"column":null}}],"line":205},"3":{"loc":{"start":{"line":212,"column":7},"end":{"line":228,"column":null}},"type":"binary-expr","locations":[{"start":{"line":212,"column":7},"end":{"line":212,"column":null}},{"start":{"line":213,"column":8},"end":{"line":228,"column":null}}],"line":212},"4":{"loc":{"start":{"line":236,"column":9},"end":{"line":239,"column":null}},"type":"binary-expr","locations":[{"start":{"line":236,"column":9},"end":{"line":236,"column":null}},{"start":{"line":237,"column":10},"end":{"line":239,"column":null}}],"line":236}},"s":{"0":3,"1":3,"2":7180,"3":7180,"4":7180,"5":1020,"6":500,"7":520,"8":520,"9":520,"10":7180,"11":7180,"12":520,"13":1020,"14":2950,"15":2950,"16":10690,"17":5140,"18":12161},"f":{"0":7180,"1":1020,"2":520,"3":1020,"4":2950,"5":10690,"6":5140,"7":12161},"b":{"0":[500,520],"1":[1020,520],"2":[5140,4250],"3":[5140,4215],"4":[5140,2950]},"meta":{"lastBranch":5,"lastFunction":8,"lastStatement":19,"seen":{"s:13:49:18:Infinity":0,"s:20:45:25:Infinity":1,"f:33:9:33:21":0,"s:34:26:34:Infinity":2,"s:35:22:35:Infinity":3,"s:37:23:42:Infinity":4,"f:37:23:37:29":1,"b:38:4:38:Infinity:undefined:undefined:undefined:undefined":0,"s:38:4:38:Infinity":5,"b:38:8:38:26:38:26:38:40":1,"s:38:40:38:Infinity":6,"s:39:4:39:Infinity":7,"s:40:4:40:Infinity":8,"s:41:4:41:Infinity":9,"s:44:42:51:Infinity":10,"s:53:2:88:Infinity":11,"f:60:18:60:23":2,"s:60:23:60:Infinity":12,"f:67:18:67:23":3,"s:67:23:67:Infinity":13,"f:98:9:98:21":4,"s:99:8:99:Infinity":14,"s:100:2:126:Infinity":15,"f:102:18:102:Infinity":5,"s:103:8:124:Infinity":16,"f:132:16:132:29":6,"s:133:2:243:Infinity":17,"b:205:7:205:Infinity:206:8:208:Infinity":2,"b:212:7:212:Infinity:213:8:228:Infinity":3,"f:214:27:214:Infinity":7,"s:215:12:226:Infinity":18,"b:236:9:236:Infinity:237:10:239:Infinity":4}}}
,"/home/circleci/project/src/components/TicketForm.tsx": {"path":"/home/circleci/project/src/components/TicketForm.tsx","statementMap":{"0":{"start":{"line":10,"column":24},"end":{"line":10,"column":null}},"1":{"start":{"line":11,"column":36},"end":{"line":11,"column":null}},"2":{"start":{"line":12,"column":30},"end":{"line":12,"column":null}},"3":{"start":{"line":13,"column":30},"end":{"line":13,"column":null}},"4":{"start":{"line":14,"column":32},"end":{"line":14,"column":null}},"5":{"start":{"line":15,"column":26},"end":{"line":15,"column":null}},"6":{"start":{"line":17,"column":19},"end":{"line":23,"column":null}},"7":{"start":{"line":18,"column":41},"end":{"line":18,"column":null}},"8":{"start":{"line":19,"column":4},"end":{"line":19,"column":null}},"9":{"start":{"line":19,"column":23},"end":{"line":19,"column":null}},"10":{"start":{"line":20,"column":4},"end":{"line":20,"column":null}},"11":{"start":{"line":20,"column":35},"end":{"line":20,"column":null}},"12":{"start":{"line":21,"column":4},"end":{"line":21,"column":null}},"13":{"start":{"line":21,"column":29},"end":{"line":21,"column":null}},"14":{"start":{"line":22,"column":4},"end":{"line":22,"column":null}},"15":{"start":{"line":25,"column":23},"end":{"line":34,"column":null}},"16":{"start":{"line":26,"column":4},"end":{"line":26,"column":null}},"17":{"start":{"line":27,"column":17},"end":{"line":27,"column":null}},"18":{"start":{"line":28,"column":4},"end":{"line":31,"column":null}},"19":{"start":{"line":29,"column":6},"end":{"line":29,"column":null}},"20":{"start":{"line":30,"column":6},"end":{"line":30,"column":null}},"21":{"start":{"line":32,"column":17},"end":{"line":32,"column":null}},"22":{"start":{"line":32,"column":47},"end":{"line":32,"column":55}},"23":{"start":{"line":33,"column":4},"end":{"line":33,"column":null}},"24":{"start":{"line":36,"column":42},"end":{"line":43,"column":null}},"25":{"start":{"line":45,"column":42},"end":{"line":51,"column":null}},"26":{"start":{"line":53,"column":2},"end":{"line":165,"column":null}},"27":{"start":{"line":66,"column":25},"end":{"line":66,"column":null}},"28":{"start":{"line":81,"column":25},"end":{"line":81,"column":null}},"29":{"start":{"line":96,"column":25},"end":{"line":96,"column":null}},"30":{"start":{"line":113,"column":25},"end":{"line":113,"column":null}},"31":{"start":{"line":126,"column":25},"end":{"line":126,"column":null}}},"fnMap":{"0":{"name":"TicketForm","decl":{"start":{"line":9,"column":16},"end":{"line":9,"column":27}},"loc":{"start":{"line":9,"column":68},"end":{"line":167,"column":null}},"line":9},"1":{"name":"(anonymous_1)","decl":{"start":{"line":17,"column":19},"end":{"line":17,"column":25}},"loc":{"start":{"line":17,"column":25},"end":{"line":23,"column":null}},"line":17},"2":{"name":"(anonymous_2)","decl":{"start":{"line":25,"column":23},"end":{"line":25,"column":24}},"loc":{"start":{"line":25,"column":47},"end":{"line":34,"column":null}},"line":25},"3":{"name":"(anonymous_3)","decl":{"start":{"line":32,"column":42},"end":{"line":32,"column":47}},"loc":{"start":{"line":32,"column":47},"end":{"line":32,"column":55}},"line":32},"4":{"name":"(anonymous_4)","decl":{"start":{"line":66,"column":20},"end":{"line":66,"column":25}},"loc":{"start":{"line":66,"column":25},"end":{"line":66,"column":null}},"line":66},"5":{"name":"(anonymous_5)","decl":{"start":{"line":81,"column":20},"end":{"line":81,"column":25}},"loc":{"start":{"line":81,"column":25},"end":{"line":81,"column":null}},"line":81},"6":{"name":"(anonymous_6)","decl":{"start":{"line":96,"column":20},"end":{"line":96,"column":25}},"loc":{"start":{"line":96,"column":25},"end":{"line":96,"column":null}},"line":96},"7":{"name":"(anonymous_7)","decl":{"start":{"line":113,"column":20},"end":{"line":113,"column":25}},"loc":{"start":{"line":113,"column":25},"end":{"line":113,"column":null}},"line":113},"8":{"name":"(anonymous_8)","decl":{"start":{"line":126,"column":20},"end":{"line":126,"column":25}},"loc":{"start":{"line":126,"column":25},"end":{"line":126,"column":null}},"line":126}},"branchMap":{"0":{"loc":{"start":{"line":19,"column":4},"end":{"line":19,"column":null}},"type":"if","locations":[{"start":{"line":19,"column":4},"end":{"line":19,"column":null}},{"start":{},"end":{}}],"line":19},"1":{"loc":{"start":{"line":20,"column":4},"end":{"line":20,"column":null}},"type":"if","locations":[{"start":{"line":20,"column":4},"end":{"line":20,"column":null}},{"start":{},"end":{}}],"line":20},"2":{"loc":{"start":{"line":21,"column":4},"end":{"line":21,"column":null}},"type":"if","locations":[{"start":{"line":21,"column":4},"end":{"line":21,"column":null}},{"start":{},"end":{}}],"line":21},"3":{"loc":{"start":{"line":28,"column":4},"end":{"line":31,"column":null}},"type":"if","locations":[{"start":{"line":28,"column":4},"end":{"line":31,"column":null}},{"start":{},"end":{}}],"line":28},"4":{"loc":{"start":{"line":33,"column":89},"end":{"line":33,"column":120}},"type":"binary-expr","locations":[{"start":{"line":33,"column":89},"end":{"line":33,"column":109}},{"start":{"line":33,"column":109},"end":{"line":33,"column":120}}],"line":33},"5":{"loc":{"start":{"line":70,"column":9},"end":{"line":71,"column":null}},"type":"binary-expr","locations":[{"start":{"line":70,"column":9},"end":{"line":70,"column":null}},{"start":{"line":71,"column":10},"end":{"line":71,"column":null}}],"line":70},"6":{"loc":{"start":{"line":85,"column":9},"end":{"line":86,"column":null}},"type":"binary-expr","locations":[{"start":{"line":85,"column":9},"end":{"line":85,"column":null}},{"start":{"line":86,"column":10},"end":{"line":86,"column":null}}],"line":85}},"s":{"0":13714,"1":13714,"2":13714,"3":13714,"4":13714,"5":13714,"6":13714,"7":3300,"8":3300,"9":500,"10":3300,"11":100,"12":3300,"13":500,"14":3300,"15":13714,"16":3300,"17":3300,"18":3300,"19":1100,"20":1100,"21":2200,"22":3113,"23":2200,"24":13714,"25":13714,"26":13714,"27":2800,"28":2800,"29":500,"30":200,"31":414},"f":{"0":13714,"1":3300,"2":3300,"3":3113,"4":2800,"5":2800,"6":500,"7":200,"8":414},"b":{"0":[500,2800],"1":[100,3200],"2":[500,2800],"3":[1100,2200],"4":[2200,2100],"5":[13714,600],"6":[13714,500]},"meta":{"lastBranch":7,"lastFunction":9,"lastStatement":32,"seen":{"f:9:16:9:27":0,"s:10:24:10:Infinity":0,"s:11:36:11:Infinity":1,"s:12:30:12:Infinity":2,"s:13:30:13:Infinity":3,"s:14:32:14:Infinity":4,"s:15:26:15:Infinity":5,"s:17:19:23:Infinity":6,"f:17:19:17:25":1,"s:18:41:18:Infinity":7,"b:19:4:19:Infinity:undefined:undefined:undefined:undefined":0,"s:19:4:19:Infinity":8,"s:19:23:19:Infinity":9,"b:20:4:20:Infinity:undefined:undefined:undefined:undefined":1,"s:20:4:20:Infinity":10,"s:20:35:20:Infinity":11,"b:21:4:21:Infinity:undefined:undefined:undefined:undefined":2,"s:21:4:21:Infinity":12,"s:21:29:21:Infinity":13,"s:22:4:22:Infinity":14,"s:25:23:34:Infinity":15,"f:25:23:25:24":2,"s:26:4:26:Infinity":16,"s:27:17:27:Infinity":17,"b:28:4:31:Infinity:undefined:undefined:undefined:undefined":3,"s:28:4:31:Infinity":18,"s:29:6:29:Infinity":19,"s:30:6:30:Infinity":20,"s:32:17:32:Infinity":21,"f:32:42:32:47":3,"s:32:47:32:55":22,"s:33:4:33:Infinity":23,"b:33:89:33:109:33:109:33:120":4,"s:36:42:43:Infinity":24,"s:45:42:51:Infinity":25,"s:53:2:165:Infinity":26,"f:66:20:66:25":4,"s:66:25:66:Infinity":27,"b:70:9:70:Infinity:71:10:71:Infinity":5,"f:81:20:81:25":5,"s:81:25:81:Infinity":28,"b:85:9:85:Infinity:86:10:86:Infinity":6,"f:96:20:96:25":6,"s:96:25:96:Infinity":29,"f:113:20:113:25":7,"s:113:25:113:Infinity":30,"f:126:20:126:25":8,"s:126:25:126:Infinity":31}}}
,"/home/circleci/project/src/components/TicketStats.tsx": {"path":"/home/circleci/project/src/components/TicketStats.tsx","statementMap":{"0":{"start":{"line":15,"column":16},"end":{"line":22,"column":null}},"1":{"start":{"line":24,"column":2},"end":{"line":46,"column":null}},"2":{"start":{"line":30,"column":8},"end":{"line":44,"column":null}}},"fnMap":{"0":{"name":"TicketStats","decl":{"start":{"line":14,"column":16},"end":{"line":14,"column":28}},"loc":{"start":{"line":14,"column":57},"end":{"line":48,"column":null}},"line":14},"1":{"name":"(anonymous_1)","decl":{"start":{"line":29,"column":17},"end":{"line":29,"column":null}},"loc":{"start":{"line":30,"column":8},"end":{"line":44,"column":null}},"line":30}},"branchMap":{},"s":{"0":17214,"1":17214,"2":103284},"f":{"0":17214,"1":103284},"b":{},"meta":{"lastBranch":0,"lastFunction":2,"lastStatement":3,"seen":{"f:14:16:14:28":0,"s:15:16:22:Infinity":0,"s:24:2:46:Infinity":1,"f:29:17:29:Infinity":1,"s:30:8:44:Infinity":2}}}
,"/home/circleci/project/src/utils/commentUtils.ts": {"path":"/home/circleci/project/src/utils/commentUtils.ts","statementMap":{"0":{"start":{"line":3,"column":21},"end":{"line":3,"column":null}},"1":{"start":{"line":6,"column":2},"end":{"line":12,"column":null}},"2":{"start":{"line":16,"column":2},"end":{"line":16,"column":null}},"3":{"start":{"line":20,"column":2},"end":{"line":20,"column":null}},"4":{"start":{"line":20,"column":30},"end":{"line":20,"column":53}},"5":{"start":{"line":24,"column":2},"end":{"line":24,"column":null}},"6":{"start":{"line":24,"column":38},"end":{"line":24,"column":83}}},"fnMap":{"0":{"name":"createComment","decl":{"start":{"line":5,"column":16},"end":{"line":5,"column":30}},"loc":{"start":{"line":5,"column":80},"end":{"line":13,"column":null}},"line":5},"1":{"name":"addComment","decl":{"start":{"line":15,"column":16},"end":{"line":15,"column":27}},"loc":{"start":{"line":15,"column":80},"end":{"line":17,"column":null}},"line":15},"2":{"name":"getCommentsByTicket","decl":{"start":{"line":19,"column":16},"end":{"line":19,"column":36}},"loc":{"start":{"line":19,"column":86},"end":{"line":21,"column":null}},"line":19},"3":{"name":"(anonymous_3)","decl":{"start":{"line":20,"column":25},"end":{"line":20,"column":30}},"loc":{"start":{"line":20,"column":30},"end":{"line":20,"column":53}},"line":20},"4":{"name":"sortCommentsByDate","decl":{"start":{"line":23,"column":16},"end":{"line":23,"column":35}},"loc":{"start":{"line":23,"column":67},"end":{"line":25,"column":null}},"line":23},"5":{"name":"(anonymous_5)","decl":{"start":{"line":24,"column":28},"end":{"line":24,"column":29}},"loc":{"start":{"line":24,"column":38},"end":{"line":24,"column":83}},"line":24}},"branchMap":{},"s":{"0":4,"1":7020,"2":4020,"3":4140,"4":19133,"5":5950,"6":49033},"f":{"0":7020,"1":4020,"2":4140,"3":19133,"4":5950,"5":49033},"b":{},"meta":{"lastBranch":0,"lastFunction":6,"lastStatement":7,"seen":{"s:3:21:3:Infinity":0,"f:5:16:5:30":0,"s:6:2:12:Infinity":1,"f:15:16:15:27":1,"s:16:2:16:Infinity":2,"f:19:16:19:36":2,"s:20:2:20:Infinity":3,"f:20:25:20:30":3,"s:20:30:20:53":4,"f:23:16:23:35":4,"s:24:2:24:Infinity":5,"f:24:28:24:29":5,"s:24:38:24:83":6}}}
,"/home/circleci/project/src/utils/ticketUtils.ts": {"path":"/home/circleci/project/src/utils/ticketUtils.ts","statementMap":{"0":{"start":{"line":4,"column":16},"end":{"line":4,"column":null}},"1":{"start":{"line":7,"column":14},"end":{"line":7,"column":null}},"2":{"start":{"line":8,"column":2},"end":{"line":18,"column":null}},"3":{"start":{"line":17,"column":34},"end":{"line":17,"column":55}},"4":{"start":{"line":17,"column":68},"end":{"line":17,"column":78}},"5":{"start":{"line":22,"column":2},"end":{"line":26,"column":null}},"6":{"start":{"line":33,"column":2},"end":{"line":45,"column":null}},"7":{"start":{"line":34,"column":4},"end":{"line":34,"column":null}},"8":{"start":{"line":34,"column":60},"end":{"line":34,"column":null}},"9":{"start":{"line":35,"column":4},"end":{"line":35,"column":null}},"10":{"start":{"line":35,"column":66},"end":{"line":35,"column":null}},"11":{"start":{"line":36,"column":4},"end":{"line":43,"column":null}},"12":{"start":{"line":37,"column":16},"end":{"line":37,"column":null}},"13":{"start":{"line":38,"column":22},"end":{"line":38,"column":null}},"14":{"start":{"line":39,"column":21},"end":{"line":39,"column":null}},"15":{"start":{"line":40,"column":25},"end":{"line":40,"column":null}},"16":{"start":{"line":41,"column":21},"end":{"line":41,"column":null}},"17":{"start":{"line":41,"column":43},"end":{"line":41,"column":70}},"18":{"start":{"line":42,"column":6},"end":{"line":42,"column":null}},"19":{"start":{"line":42,"column":57},"end":{"line":42,"column":null}},"20":{"start":{"line":44,"column":4},"end":{"line":44,"column":null}},"21":{"start":{"line":49,"column":50},"end":{"line":49,"column":null}},"22":{"start":{"line":50,"column":46},"end":{"line":50,"column":null}},"23":{"start":{"line":52,"column":2},"end":{"line":56,"column":null}},"24":{"start":{"line":53,"column":4},"end":{"line":53,"column":null}},"25":{"start":{"line":53,"column":27},"end":{"line":53,"column":null}},"26":{"start":{"line":54,"column":4},"end":{"line":54,"column":null}},"27":{"start":{"line":54,"column":25},"end":{"line":54,"column":null}},"28":{"start":{"line":55,"column":4},"end":{"line":55,"column":null}},"29":{"start":{"line":60,"column":43},"end":{"line":65,"column":null}},"30":{"start":{"line":66,"column":2},"end":{"line":66,"column":null}},"31":{"start":{"line":70,"column":41},"end":{"line":75,"column":null}},"32":{"start":{"line":76,"column":2},"end":{"line":76,"column":null}},"33":{"start":{"line":80,"column":2},"end":{"line":87,"column":null}},"34":{"start":{"line":82,"column":30},"end":{"line":82,"column":49}},"35":{"start":{"line":83,"column":36},"end":{"line":83,"column":62}},"36":{"start":{"line":84,"column":34},"end":{"line":84,"column":57}},"37":{"start":{"line":85,"column":32},"end":{"line":85,"column":53}},"38":{"start":{"line":86,"column":34},"end":{"line":86,"column":59}}},"fnMap":{"0":{"name":"createTicket","decl":{"start":{"line":6,"column":16},"end":{"line":6,"column":29}},"loc":{"start":{"line":6,"column":59},"end":{"line":19,"column":null}},"line":6},"1":{"name":"(anonymous_1)","decl":{"start":{"line":17,"column":27},"end":{"line":17,"column":34}},"loc":{"start":{"line":17,"column":34},"end":{"line":17,"column":55}},"line":17},"2":{"name":"(anonymous_2)","decl":{"start":{"line":17,"column":61},"end":{"line":17,"column":68}},"loc":{"start":{"line":17,"column":68},"end":{"line":17,"column":78}},"line":17},"3":{"name":"updateTicketStatus","decl":{"start":{"line":21,"column":16},"end":{"line":21,"column":35}},"loc":{"start":{"line":21,"column":75},"end":{"line":27,"column":null}},"line":21},"4":{"name":"filterTickets","decl":{"start":{"line":29,"column":16},"end":{"line":29,"column":null}},"loc":{"start":{"line":32,"column":12},"end":{"line":46,"column":null}},"line":32},"5":{"name":"(anonymous_5)","decl":{"start":{"line":33,"column":24},"end":{"line":33,"column":34}},"loc":{"start":{"line":33,"column":34},"end":{"line":45,"column":3}},"line":33},"6":{"name":"(anonymous_6)","decl":{"start":{"line":41,"column":38},"end":{"line":41,"column":43}},"loc":{"start":{"line":41,"column":43},"end":{"line":41,"column":70}},"line":41},"7":{"name":"sortTickets","decl":{"start":{"line":48,"column":16},"end":{"line":48,"column":28}},"loc":{"start":{"line":48,"column":98},"end":{"line":57,"column":null}},"line":48},"8":{"name":"(anonymous_8)","decl":{"start":{"line":52,"column":27},"end":{"line":52,"column":28}},"loc":{"start":{"line":52,"column":37},"end":{"line":56,"column":3}},"line":52},"9":{"name":"getPriorityLabel","decl":{"start":{"line":59,"column":16},"end":{"line":59,"column":33}},"loc":{"start":{"line":59,"column":61},"end":{"line":67,"column":null}},"line":59},"10":{"name":"getStatusLabel","decl":{"start":{"line":69,"column":16},"end":{"line":69,"column":31}},"loc":{"start":{"line":69,"column":55},"end":{"line":77,"column":null}},"line":69},"11":{"name":"getTicketStats","decl":{"start":{"line":79,"column":16},"end":{"line":79,"column":31}},"loc":{"start":{"line":79,"column":50},"end":{"line":88,"column":null}},"line":79},"12":{"name":"(anonymous_12)","decl":{"start":{"line":82,"column":25},"end":{"line":82,"column":30}},"loc":{"start":{"line":82,"column":30},"end":{"line":82,"column":49}},"line":82},"13":{"name":"(anonymous_13)","decl":{"start":{"line":83,"column":31},"end":{"line":83,"column":36}},"loc":{"start":{"line":83,"column":36},"end":{"line":83,"column":62}},"line":83},"14":{"name":"(anonymous_14)","decl":{"start":{"line":84,"column":29},"end":{"line":84,"column":34}},"loc":{"start":{"line":84,"column":34},"end":{"line":84,"column":57}},"line":84},"15":{"name":"(anonymous_15)","decl":{"start":{"line":85,"column":27},"end":{"line":85,"column":32}},"loc":{"start":{"line":85,"column":32},"end":{"line":85,"column":53}},"line":85},"16":{"name":"(anonymous_16)","decl":{"start":{"line":86,"column":29},"end":{"line":86,"column":34}},"loc":{"start":{"line":86,"column":34},"end":{"line":86,"column":59}},"line":86}},"branchMap":{"0":{"loc":{"start":{"line":16,"column":14},"end":{"line":16,"column":null}},"type":"binary-expr","locations":[{"start":{"line":16,"column":14},"end":{"line":16,"column":39}},{"start":{"line":16,"column":39},"end":{"line":16,"column":null}}],"line":16},"1":{"loc":{"start":{"line":34,"column":4},"end":{"line":34,"column":null}},"type":"if","locations":[{"start":{"line":34,"column":4},"end":{"line":34,"column":null}},{"start":{},"end":{}}],"line":34},"2":{"loc":{"start":{"line":34,"column":8},"end":{"line":34,"column":60}},"type":"binary-expr","locations":[{"start":{"line":34,"column":8},"end":{"line":34,"column":26}},{"start":{"line":34,"column":26},"end":{"line":34,"column":60}}],"line":34},"3":{"loc":{"start":{"line":35,"column":4},"end":{"line":35,"column":null}},"type":"if","locations":[{"start":{"line":35,"column":4},"end":{"line":35,"column":null}},{"start":{},"end":{}}],"line":35},"4":{"loc":{"start":{"line":35,"column":8},"end":{"line":35,"column":66}},"type":"binary-expr","locations":[{"start":{"line":35,"column":8},"end":{"line":35,"column":28}},{"start":{"line":35,"column":28},"end":{"line":35,"column":66}}],"line":35},"5":{"loc":{"start":{"line":36,"column":4},"end":{"line":43,"column":null}},"type":"if","locations":[{"start":{"line":36,"column":4},"end":{"line":43,"column":null}},{"start":{},"end":{}}],"line":36},"6":{"loc":{"start":{"line":40,"column":25},"end":{"line":40,"column":null}},"type":"binary-expr","locations":[{"start":{"line":40,"column":25},"end":{"line":40,"column":71}},{"start":{"line":40,"column":71},"end":{"line":40,"column":null}}],"line":40},"7":{"loc":{"start":{"line":42,"column":6},"end":{"line":42,"column":null}},"type":"if","locations":[{"start":{"line":42,"column":6},"end":{"line":42,"column":null}},{"start":{},"end":{}}],"line":42},"8":{"loc":{"start":{"line":42,"column":10},"end":{"line":42,"column":57}},"type":"binary-expr","locations":[{"start":{"line":42,"column":10},"end":{"line":42,"column":22}},{"start":{"line":42,"column":22},"end":{"line":42,"column":33}},{"start":{"line":42,"column":33},"end":{"line":42,"column":48}},{"start":{"line":42,"column":48},"end":{"line":42,"column":57}}],"line":42},"9":{"loc":{"start":{"line":53,"column":4},"end":{"line":53,"column":null}},"type":"if","locations":[{"start":{"line":53,"column":4},"end":{"line":53,"column":null}},{"start":{},"end":{}}],"line":53},"10":{"loc":{"start":{"line":54,"column":4},"end":{"line":54,"column":null}},"type":"if","locations":[{"start":{"line":54,"column":4},"end":{"line":54,"column":null}},{"start":{},"end":{}}],"line":54}},"s":{"0":7,"1":7500,"2":7500,"3":33359,"4":33329,"5":4500,"6":18014,"7":59916,"8":9987,"9":49929,"10":5785,"11":44144,"12":6170,"13":6170,"14":6170,"15":6170,"16":6170,"17":26618,"18":6170,"19":5845,"20":38299,"21":16014,"22":16014,"23":16014,"24":45708,"25":19954,"26":25754,"27":25754,"28":22473,"29":45472,"30":45472,"31":85804,"32":85804,"33":14120,"34":47379,"35":47379,"36":47379,"37":47379,"38":47379},"f":{"0":7500,"1":33359,"2":33329,"3":4500,"4":18014,"5":59916,"6":26618,"7":16014,"8":45708,"9":45472,"10":85804,"11":14120,"12":47379,"13":47379,"14":47379,"15":47379,"16":47379},"b":{"0":[7500,1701],"1":[9987,49929],"2":[59916,13201],"3":[5785,44144],"4":[49929,7731],"5":[6170,37974],"6":[6170,1266],"7":[5845,325],"8":[6170,6070,6004,5972],"9":[19954,25754],"10":[3281,22473]},"meta":{"lastBranch":11,"lastFunction":17,"lastStatement":39,"seen":{"s:4:16:4:Infinity":0,"f:6:16:6:29":0,"s:7:14:7:Infinity":1,"s:8:2:18:Infinity":2,"b:16:14:16:39:16:39:16:Infinity":0,"f:17:27:17:34":1,"s:17:34:17:55":3,"f:17:61:17:68":2,"s:17:68:17:78":4,"f:21:16:21:35":3,"s:22:2:26:Infinity":5,"f:29:16:29:Infinity":4,"s:33:2:45:Infinity":6,"f:33:24:33:34":5,"b:34:4:34:Infinity:undefined:undefined:undefined:undefined":1,"s:34:4:34:Infinity":7,"b:34:8:34:26:34:26:34:60":2,"s:34:60:34:Infinity":8,"b:35:4:35:Infinity:undefined:undefined:undefined:undefined":3,"s:35:4:35:Infinity":9,"b:35:8:35:28:35:28:35:66":4,"s:35:66:35:Infinity":10,"b:36:4:43:Infinity:undefined:undefined:undefined:undefined":5,"s:36:4:43:Infinity":11,"s:37:16:37:Infinity":12,"s:38:22:38:Infinity":13,"s:39:21:39:Infinity":14,"s:40:25:40:Infinity":15,"b:40:25:40:71:40:71:40:Infinity":6,"s:41:21:41:Infinity":16,"f:41:38:41:43":6,"s:41:43:41:70":17,"b:42:6:42:Infinity:undefined:undefined:undefined:undefined":7,"s:42:6:42:Infinity":18,"b:42:10:42:22:42:22:42:33:42:33:42:48:42:48:42:57":8,"s:42:57:42:Infinity":19,"s:44:4:44:Infinity":20,"f:48:16:48:28":7,"s:49:50:49:Infinity":21,"s:50:46:50:Infinity":22,"s:52:2:56:Infinity":23,"f:52:27:52:28":8,"b:53:4:53:Infinity:undefined:undefined:undefined:undefined":9,"s:53:4:53:Infinity":24,"s:53:27:53:Infinity":25,"b:54:4:54:Infinity:undefined:undefined:undefined:undefined":10,"s:54:4:54:Infinity":26,"s:54:25:54:Infinity":27,"s:55:4:55:Infinity":28,"f:59:16:59:33":9,"s:60:43:65:Infinity":29,"s:66:2:66:Infinity":30,"f:69:16:69:31":10,"s:70:41:75:Infinity":31,"s:76:2:76:Infinity":32,"f:79:16:79:31":11,"s:80:2:87:Infinity":33,"f:82:25:82:30":12,"s:82:30:82:49":34,"f:83:31:83:36":13,"s:83:36:83:62":35,"f:84:29:84:34":14,"s:84:34:84:57":36,"f:85:27:85:32":15,"s:85:32:85:53":37,"f:86:29:86:34":16,"s:86:34:86:59":38}}}
}
